<?xml version="1.0" encoding="UTF-8"?>
<!-- Generated by org.testng.reporters.JUnitReportReporter -->
<testsuite hostname="LAPTOP-H8NLAOCC" failures="0" tests="2" name="runner.runnerPrg" time="12.456" errors="0" timestamp="2025-03-12T12:46:51 IST" skipped="0">
  <testcase classname="runner.runnerPrg" name="runScenario" time="2.838"/>
  <system-out/>
  <testcase classname="runner.runnerPrg" name="runScenario" time="9.618"/>
  <system-out/>
</testsuite> <!-- runner.runnerPrg -->
